{"/home/slampazona/nodeProjects/oclock-pong/src/index.js": {"path":"/home/slampazona/nodeProjects/oclock-pong/src/index.js","statementMap":{"0":{"start":{"line":13,"column":12},"end":{"line":13,"column":21}},"1":{"start":{"line":14,"column":0},"end":{"line":14,"column":24}},"2":{"start":{"line":17,"column":0},"end":{"line":21,"column":2}},"3":{"start":{"line":24,"column":14},"end":{"line":24,"column":41}},"4":{"start":{"line":26,"column":0},"end":{"line":30,"column":2}},"5":{"start":{"line":32,"column":0},"end":{"line":32,"column":56}},"6":{"start":{"line":33,"column":0},"end":{"line":37,"column":2}},"7":{"start":{"line":39,"column":0},"end":{"line":39,"column":16}},"8":{"start":{"line":42,"column":0},"end":{"line":42,"column":87}}},"fnMap":{},"branchMap":{"0":{"loc":{"start":{"line":42,"column":8},"end":{"line":42,"column":85}},"type":"cond-expr","locations":[{"start":{"line":42,"column":49},"end":{"line":42,"column":66}},{"start":{"line":42,"column":69},"end":{"line":42,"column":85}}],"line":42}},"s":{"0":2,"1":2,"2":2,"3":2,"4":2,"5":2,"6":2,"7":2,"8":2},"f":{},"b":{"0":[0,2]},"_coverageSchema":"1a1c01bbd47fc00a2c39e90264f33305004495a9","hash":"2abe1da55c3dffd1414954f0da419224efdef893"}
,"/home/slampazona/nodeProjects/oclock-pong/src/bdd/index.js": {"path":"/home/slampazona/nodeProjects/oclock-pong/src/bdd/index.js","statementMap":{"0":{"start":{"line":14,"column":67},"end":{"line":14,"column":78}},"1":{"start":{"line":16,"column":18},"end":{"line":34,"column":2}},"2":{"start":{"line":32,"column":4},"end":{"line":32,"column":29}}},"fnMap":{"0":{"name":"(anonymous_0)","decl":{"start":{"line":31,"column":11},"end":{"line":31,"column":12}},"loc":{"start":{"line":31,"column":41},"end":{"line":33,"column":3}},"line":31}},"branchMap":{"0":{"loc":{"start":{"line":23,"column":6},"end":{"line":28,"column":14}},"type":"cond-expr","locations":[{"start":{"line":24,"column":10},"end":{"line":27,"column":9}},{"start":{"line":28,"column":10},"end":{"line":28,"column":14}}],"line":23},"1":{"loc":{"start":{"line":23,"column":6},"end":{"line":23,"column":42}},"type":"binary-expr","locations":[{"start":{"line":23,"column":6},"end":{"line":23,"column":23}},{"start":{"line":23,"column":27},"end":{"line":23,"column":42}}],"line":23}},"s":{"0":3,"1":3,"2":61},"f":{"0":61},"b":{"0":[0,3],"1":[3,3]},"_coverageSchema":"1a1c01bbd47fc00a2c39e90264f33305004495a9","hash":"52060abd3a5876a11e7a68ad214f57f93cf0153c"}
,"/home/slampazona/nodeProjects/oclock-pong/src/controllers/Score.js": {"path":"/home/slampazona/nodeProjects/oclock-pong/src/controllers/Score.js","statementMap":{"0":{"start":{"line":4,"column":29},"end":{"line":15,"column":1}},"1":{"start":{"line":5,"column":16},"end":{"line":5,"column":18}},"2":{"start":{"line":6,"column":4},"end":{"line":13,"column":5}},"3":{"start":{"line":7,"column":8},"end":{"line":12,"column":9}},"4":{"start":{"line":8,"column":12},"end":{"line":8,"column":25}},"5":{"start":{"line":10,"column":13},"end":{"line":12,"column":9}},"6":{"start":{"line":11,"column":12},"end":{"line":11,"column":39}},"7":{"start":{"line":14,"column":4},"end":{"line":14,"column":17}},"8":{"start":{"line":16,"column":20},"end":{"line":32,"column":1}},"9":{"start":{"line":17,"column":4},"end":{"line":31,"column":5}},"10":{"start":{"line":18,"column":20},"end":{"line":18,"column":52}},"11":{"start":{"line":19,"column":23},"end":{"line":24,"column":10}},"12":{"start":{"line":25,"column":8},"end":{"line":27,"column":11}},"13":{"start":{"line":30,"column":8},"end":{"line":30,"column":27}},"14":{"start":{"line":34,"column":22},"end":{"line":51,"column":1}},"15":{"start":{"line":35,"column":4},"end":{"line":50,"column":5}},"16":{"start":{"line":36,"column":22},"end":{"line":41,"column":10}},"17":{"start":{"line":43,"column":8},"end":{"line":46,"column":11}},"18":{"start":{"line":49,"column":8},"end":{"line":49,"column":27}}},"fnMap":{"0":{"name":"(anonymous_0)","decl":{"start":{"line":4,"column":29},"end":{"line":4,"column":30}},"loc":{"start":{"line":4,"column":52},"end":{"line":15,"column":1}},"line":4},"1":{"name":"(anonymous_1)","decl":{"start":{"line":16,"column":20},"end":{"line":16,"column":21}},"loc":{"start":{"line":16,"column":46},"end":{"line":32,"column":1}},"line":16},"2":{"name":"(anonymous_2)","decl":{"start":{"line":34,"column":22},"end":{"line":34,"column":23}},"loc":{"start":{"line":34,"column":48},"end":{"line":51,"column":1}},"line":34}},"branchMap":{"0":{"loc":{"start":{"line":4,"column":30},"end":{"line":4,"column":47}},"type":"default-arg","locations":[{"start":{"line":4,"column":43},"end":{"line":4,"column":47}}],"line":4},"1":{"loc":{"start":{"line":6,"column":4},"end":{"line":13,"column":5}},"type":"if","locations":[{"start":{"line":6,"column":4},"end":{"line":13,"column":5}},{"start":{},"end":{}}],"line":6},"2":{"loc":{"start":{"line":6,"column":8},"end":{"line":6,"column":38}},"type":"binary-expr","locations":[{"start":{"line":6,"column":8},"end":{"line":6,"column":18}},{"start":{"line":6,"column":22},"end":{"line":6,"column":38}}],"line":6},"3":{"loc":{"start":{"line":7,"column":8},"end":{"line":12,"column":9}},"type":"if","locations":[{"start":{"line":7,"column":8},"end":{"line":12,"column":9}},{"start":{"line":10,"column":13},"end":{"line":12,"column":9}}],"line":7},"4":{"loc":{"start":{"line":10,"column":13},"end":{"line":12,"column":9}},"type":"if","locations":[{"start":{"line":10,"column":13},"end":{"line":12,"column":9}},{"start":{},"end":{}}],"line":10},"5":{"loc":{"start":{"line":40,"column":24},"end":{"line":40,"column":54}},"type":"binary-expr","locations":[{"start":{"line":40,"column":24},"end":{"line":40,"column":43}},{"start":{"line":40,"column":47},"end":{"line":40,"column":54}}],"line":40}},"s":{"0":3,"1":8,"2":8,"3":4,"4":1,"5":3,"6":2,"7":8,"8":3,"9":3,"10":3,"11":3,"12":3,"13":1,"14":3,"15":3,"16":3,"17":2,"18":1},"f":{"0":8,"1":3,"2":3},"b":{"0":[3],"1":[4,4],"2":[8,5],"3":[1,3],"4":[2,1],"5":[2,1]},"_coverageSchema":"1a1c01bbd47fc00a2c39e90264f33305004495a9","hash":"9d555f17768a07308f91d7693b1d45b160b0a21d"}
,"/home/slampazona/nodeProjects/oclock-pong/src/middlewares/errorHandlers.js": {"path":"/home/slampazona/nodeProjects/oclock-pong/src/middlewares/errorHandlers.js","statementMap":{},"fnMap":{},"branchMap":{},"s":{},"f":{},"b":{},"_coverageSchema":"1a1c01bbd47fc00a2c39e90264f33305004495a9","hash":"261379205143362d2f969bdee26177d7d9cf75d3"}
,"/home/slampazona/nodeProjects/oclock-pong/src/middlewares/validationResult.js": {"path":"/home/slampazona/nodeProjects/oclock-pong/src/middlewares/validationResult.js","statementMap":{"0":{"start":{"line":4,"column":19},"end":{"line":4,"column":40}},"1":{"start":{"line":5,"column":4},"end":{"line":10,"column":5}},"2":{"start":{"line":6,"column":6},"end":{"line":9,"column":11}},"3":{"start":{"line":11,"column":4},"end":{"line":11,"column":18}}},"fnMap":{"0":{"name":"(anonymous_0)","decl":{"start":{"line":3,"column":15},"end":{"line":3,"column":16}},"loc":{"start":{"line":3,"column":35},"end":{"line":12,"column":1}},"line":3}},"branchMap":{"0":{"loc":{"start":{"line":5,"column":4},"end":{"line":10,"column":5}},"type":"if","locations":[{"start":{"line":5,"column":4},"end":{"line":10,"column":5}},{"start":{},"end":{}}],"line":5}},"s":{"0":3,"1":3,"2":1,"3":2},"f":{"0":3},"b":{"0":[1,2]},"_coverageSchema":"1a1c01bbd47fc00a2c39e90264f33305004495a9","hash":"6669a5e8727e912ab2699ec98717b0ccf80b6511"}
,"/home/slampazona/nodeProjects/oclock-pong/src/models/Score.js": {"path":"/home/slampazona/nodeProjects/oclock-pong/src/models/Score.js","statementMap":{"0":{"start":{"line":41,"column":0},"end":{"line":73,"column":2}},"1":{"start":{"line":48,"column":8},"end":{"line":48,"column":57}},"2":{"start":{"line":63,"column":8},"end":{"line":63,"column":54}}},"fnMap":{"0":{"name":"(anonymous_0)","decl":{"start":{"line":47,"column":6},"end":{"line":47,"column":7}},"loc":{"start":{"line":47,"column":17},"end":{"line":49,"column":7}},"line":47},"1":{"name":"(anonymous_1)","decl":{"start":{"line":62,"column":6},"end":{"line":62,"column":7}},"loc":{"start":{"line":62,"column":12},"end":{"line":64,"column":7}},"line":62}},"branchMap":{},"s":{"0":3,"1":26,"2":4},"f":{"0":26,"1":4},"b":{},"_coverageSchema":"1a1c01bbd47fc00a2c39e90264f33305004495a9","hash":"ac3059b86e703c9bccaae69fe9bcb17bd55ff59d"}
,"/home/slampazona/nodeProjects/oclock-pong/src/models/index.js": {"path":"/home/slampazona/nodeProjects/oclock-pong/src/models/index.js","statementMap":{},"fnMap":{},"branchMap":{},"s":{},"f":{},"b":{},"_coverageSchema":"1a1c01bbd47fc00a2c39e90264f33305004495a9","hash":"026a501ab9180deae10945d760da9ace8fbe607b"}
,"/home/slampazona/nodeProjects/oclock-pong/src/routes/api.js": {"path":"/home/slampazona/nodeProjects/oclock-pong/src/routes/api.js","statementMap":{"0":{"start":{"line":7,"column":15},"end":{"line":7,"column":31}},"1":{"start":{"line":39,"column":0},"end":{"line":44,"column":1}},"2":{"start":{"line":97,"column":0},"end":{"line":105,"column":1}},"3":{"start":{"line":108,"column":0},"end":{"line":112,"column":2}},"4":{"start":{"line":109,"column":4},"end":{"line":111,"column":6}}},"fnMap":{"0":{"name":"(anonymous_0)","decl":{"start":{"line":108,"column":11},"end":{"line":108,"column":12}},"loc":{"start":{"line":108,"column":25},"end":{"line":112,"column":1}},"line":108}},"branchMap":{},"s":{"0":2,"1":2,"2":2,"3":2,"4":0},"f":{"0":0},"b":{},"_coverageSchema":"1a1c01bbd47fc00a2c39e90264f33305004495a9","hash":"2ec0870b88d3c0a40f2f47d2044e67c8bbd491e7"}
,"/home/slampazona/nodeProjects/oclock-pong/src/routes/index.js": {"path":"/home/slampazona/nodeProjects/oclock-pong/src/routes/index.js","statementMap":{"0":{"start":{"line":5,"column":15},"end":{"line":5,"column":31}},"1":{"start":{"line":8,"column":0},"end":{"line":8,"column":30}},"2":{"start":{"line":10,"column":0},"end":{"line":14,"column":2}},"3":{"start":{"line":13,"column":4},"end":{"line":13,"column":87}}},"fnMap":{"0":{"name":"(anonymous_0)","decl":{"start":{"line":10,"column":11},"end":{"line":10,"column":12}},"loc":{"start":{"line":10,"column":23},"end":{"line":14,"column":1}},"line":10}},"branchMap":{},"s":{"0":2,"1":2,"2":2,"3":2},"f":{"0":2},"b":{},"_coverageSchema":"1a1c01bbd47fc00a2c39e90264f33305004495a9","hash":"a4cd656ff52a9d6e6a3d473b1b51434b907f1229"}
,"/home/slampazona/nodeProjects/oclock-pong/src/utils/index.js": {"path":"/home/slampazona/nodeProjects/oclock-pong/src/utils/index.js","statementMap":{"0":{"start":{"line":1,"column":28},"end":{"line":1,"column":75}},"1":{"start":{"line":1,"column":42},"end":{"line":1,"column":75}}},"fnMap":{"0":{"name":"(anonymous_0)","decl":{"start":{"line":1,"column":28},"end":{"line":1,"column":29}},"loc":{"start":{"line":1,"column":42},"end":{"line":1,"column":75}},"line":1}},"branchMap":{},"s":{"0":2,"1":48},"f":{"0":48},"b":{},"_coverageSchema":"1a1c01bbd47fc00a2c39e90264f33305004495a9","hash":"737aaa3450225104b73ac3d6906be7da8cc0b7da"}
,"/home/slampazona/nodeProjects/oclock-pong/src/utils/logger.js": {"path":"/home/slampazona/nodeProjects/oclock-pong/src/utils/logger.js","statementMap":{"0":{"start":{"line":3,"column":15},"end":{"line":3,"column":47}},"1":{"start":{"line":4,"column":18},"end":{"line":21,"column":1}},"2":{"start":{"line":23,"column":0},"end":{"line":23,"column":36}},"3":{"start":{"line":25,"column":15},"end":{"line":50,"column":2}},"4":{"start":{"line":35,"column":16},"end":{"line":35,"column":20}},"5":{"start":{"line":36,"column":23},"end":{"line":36,"column":63}},"6":{"start":{"line":37,"column":12},"end":{"line":37,"column":115}},"7":{"start":{"line":45,"column":16},"end":{"line":45,"column":57}}},"fnMap":{"0":{"name":"(anonymous_0)","decl":{"start":{"line":32,"column":30},"end":{"line":32,"column":31}},"loc":{"start":{"line":32,"column":40},"end":{"line":38,"column":9}},"line":32},"1":{"name":"(anonymous_1)","decl":{"start":{"line":44,"column":23},"end":{"line":44,"column":24}},"loc":{"start":{"line":44,"column":35},"end":{"line":46,"column":13}},"line":44}},"branchMap":{"0":{"loc":{"start":{"line":3,"column":15},"end":{"line":3,"column":47}},"type":"binary-expr","locations":[{"start":{"line":3,"column":15},"end":{"line":3,"column":36}},{"start":{"line":3,"column":40},"end":{"line":3,"column":47}}],"line":3},"1":{"loc":{"start":{"line":37,"column":51},"end":{"line":37,"column":112}},"type":"cond-expr","locations":[{"start":{"line":37,"column":78},"end":{"line":37,"column":107}},{"start":{"line":37,"column":110},"end":{"line":37,"column":112}}],"line":37}},"s":{"0":3,"1":3,"2":3,"3":3,"4":61,"5":61,"6":61,"7":0},"f":{"0":61,"1":0},"b":{"0":[3,0],"1":[0,61]},"_coverageSchema":"1a1c01bbd47fc00a2c39e90264f33305004495a9","hash":"eafce952b93b4e51f827f33673819fbeebb98459"}
,"/home/slampazona/nodeProjects/oclock-pong/src/utils/migrateDB.js": {"path":"/home/slampazona/nodeProjects/oclock-pong/src/utils/migrateDB.js","statementMap":{},"fnMap":{},"branchMap":{},"s":{},"f":{},"b":{},"_coverageSchema":"1a1c01bbd47fc00a2c39e90264f33305004495a9","hash":"07c0324478f8543a2f4e0f7a094fda3f7bf109fc"}
,"/home/slampazona/nodeProjects/oclock-pong/src/validators/index.js": {"path":"/home/slampazona/nodeProjects/oclock-pong/src/validators/index.js","statementMap":{"0":{"start":{"line":3,"column":27},"end":{"line":3,"column":107}},"1":{"start":{"line":3,"column":54},"end":{"line":3,"column":107}},"2":{"start":{"line":3,"column":64},"end":{"line":3,"column":107}}},"fnMap":{"0":{"name":"(anonymous_0)","decl":{"start":{"line":3,"column":27},"end":{"line":3,"column":28}},"loc":{"start":{"line":3,"column":54},"end":{"line":3,"column":107}},"line":3},"1":{"name":"(anonymous_1)","decl":{"start":{"line":3,"column":54},"end":{"line":3,"column":55}},"loc":{"start":{"line":3,"column":64},"end":{"line":3,"column":107}},"line":3}},"branchMap":{"0":{"loc":{"start":{"line":3,"column":28},"end":{"line":3,"column":49}},"type":"default-arg","locations":[{"start":{"line":3,"column":37},"end":{"line":3,"column":49}}],"line":3}},"s":{"0":3,"1":6,"2":6},"f":{"0":6,"1":6},"b":{"0":[0]},"_coverageSchema":"1a1c01bbd47fc00a2c39e90264f33305004495a9","hash":"ac86be3827fbeef6c61f85c7e360c6b79a85a551"}
}
