TN:
SF:src/index.js
FNF:0
FNH:0
DA:13,2
DA:14,2
DA:17,2
DA:24,2
DA:26,2
DA:32,2
DA:33,2
DA:39,2
DA:42,2
LF:9
LH:9
BRDA:42,0,0,0
BRDA:42,0,1,2
BRF:2
BRH:1
end_of_record
TN:
SF:src/bdd/index.js
FN:31,(anonymous_0)
FNF:1
FNH:1
FNDA:61,(anonymous_0)
DA:14,3
DA:16,3
DA:32,61
LF:3
LH:3
BRDA:23,0,0,0
BRDA:23,0,1,3
BRDA:23,1,0,3
BRDA:23,1,1,3
BRF:4
BRH:3
end_of_record
TN:
SF:src/controllers/Score.js
FN:4,(anonymous_0)
FN:16,(anonymous_1)
FN:34,(anonymous_2)
FNF:3
FNH:3
FNDA:8,(anonymous_0)
FNDA:3,(anonymous_1)
FNDA:3,(anonymous_2)
DA:4,3
DA:5,8
DA:6,8
DA:7,4
DA:8,1
DA:10,3
DA:11,2
DA:14,8
DA:16,3
DA:17,3
DA:18,3
DA:19,3
DA:25,3
DA:30,1
DA:34,3
DA:35,3
DA:36,3
DA:43,2
DA:49,1
LF:19
LH:19
BRDA:4,0,0,3
BRDA:6,1,0,4
BRDA:6,1,1,4
BRDA:6,2,0,8
BRDA:6,2,1,5
BRDA:7,3,0,1
BRDA:7,3,1,3
BRDA:10,4,0,2
BRDA:10,4,1,1
BRDA:40,5,0,2
BRDA:40,5,1,1
BRF:11
BRH:11
end_of_record
TN:
SF:src/middlewares/errorHandlers.js
FNF:0
FNH:0
LF:0
LH:0
BRF:0
BRH:0
end_of_record
TN:
SF:src/middlewares/validationResult.js
FN:3,(anonymous_0)
FNF:1
FNH:1
FNDA:3,(anonymous_0)
DA:4,3
DA:5,3
DA:6,1
DA:11,2
LF:4
LH:4
BRDA:5,0,0,1
BRDA:5,0,1,2
BRF:2
BRH:2
end_of_record
TN:
SF:src/models/Score.js
FN:47,(anonymous_0)
FN:62,(anonymous_1)
FNF:2
FNH:2
FNDA:26,(anonymous_0)
FNDA:4,(anonymous_1)
DA:41,3
DA:48,26
DA:63,4
LF:3
LH:3
BRF:0
BRH:0
end_of_record
TN:
SF:src/models/index.js
FNF:0
FNH:0
LF:0
LH:0
BRF:0
BRH:0
end_of_record
TN:
SF:src/routes/api.js
FN:108,(anonymous_0)
FNF:1
FNH:0
FNDA:0,(anonymous_0)
DA:7,2
DA:39,2
DA:97,2
DA:108,2
DA:109,0
LF:5
LH:4
BRF:0
BRH:0
end_of_record
TN:
SF:src/routes/index.js
FN:10,(anonymous_0)
FNF:1
FNH:1
FNDA:2,(anonymous_0)
DA:5,2
DA:8,2
DA:10,2
DA:13,2
LF:4
LH:4
BRF:0
BRH:0
end_of_record
TN:
SF:src/utils/index.js
FN:1,(anonymous_0)
FNF:1
FNH:1
FNDA:48,(anonymous_0)
DA:1,48
LF:1
LH:1
BRF:0
BRH:0
end_of_record
TN:
SF:src/utils/logger.js
FN:32,(anonymous_0)
FN:44,(anonymous_1)
FNF:2
FNH:1
FNDA:61,(anonymous_0)
FNDA:0,(anonymous_1)
DA:3,3
DA:4,3
DA:23,3
DA:25,3
DA:35,61
DA:36,61
DA:37,61
DA:45,0
LF:8
LH:7
BRDA:3,0,0,3
BRDA:3,0,1,0
BRDA:37,1,0,0
BRDA:37,1,1,61
BRF:4
BRH:2
end_of_record
TN:
SF:src/utils/migrateDB.js
FNF:0
FNH:0
LF:0
LH:0
BRF:0
BRH:0
end_of_record
TN:
SF:src/validators/index.js
FN:3,(anonymous_0)
FN:3,(anonymous_1)
FNF:2
FNH:2
FNDA:6,(anonymous_0)
FNDA:6,(anonymous_1)
DA:3,6
LF:1
LH:1
BRDA:3,0,0,0
BRF:1
BRH:0
end_of_record
